Virtual User Script started at : 2019-04-16 13:29:13
TruClient Replay (build 1053) for LoadRunner 12.60.0, build 0971. OS: Windows 2016, Browser: Chromium 63.0.3239.132, initialized on 2019/04/16 at 13:29:13 (1555442953.709s)

Running Vuser...
Starting iteration 1.
Notify: Transaction "HomePage" started.
t=00001559ms: Step 1: Navigate to "http://advantageonlineshopping.com/" started    [MsgId: MMSG-205180]
t=00006512ms: Step 1: Navigate to http://advantageonlineshopping.com/ successfully completed with End Event "Step network completed"    [MsgId: MMSG-205180]
Notify: Transaction "HomePage" ended with a "Pass" status (Duration: 4.9620 Wasted Time: 0.5830).
Notify: Transaction "ShopNow" started.
t=00007024ms: Step 2: Click on Shop Now label started    [MsgId: MMSG-205180]
t=00008472ms: Step 2: Click on Shop Now label successfully completed with End Event "Step network completed"    [MsgId: MMSG-205180]
Notify: Transaction "ShopNow" ended with a "Pass" status (Duration: 1.4640 Wasted Time: 0.9750).
Notify: Transaction "RoarWireless" started.
t=00008985ms: Step 3: Click on image (1) image started    [MsgId: MMSG-205180]
t=00009659ms: Step 3: Click on image (1) image successfully completed with End Event "Step network completed"    [MsgId: MMSG-205180]
Notify: Transaction "RoarWireless" ended with a "Pass" status (Duration: 0.6820 Wasted Time: 0.4920).
Notify: Transaction "VErifyPrice" started.
t=00009682ms: Step 4: Verify $44.99's Visible Text contains $44.99 started    [MsgId: MMSG-205180]
t=00010445ms: Step 4: Verify $44.99's Visible Text contains $44.99 successfully completed with End Event "Action completed"    [MsgId: MMSG-205180]
Notify: Transaction "VErifyPrice" ended with a "Pass" status (Duration: 0.7740 Wasted Time: 0.6820).
Notify: Transaction "ReturnHome" started.
t=00010954ms: Step 5: Click on HOME link started    [MsgId: MMSG-205180]
t=00011835ms: Step 5: Click on HOME link successfully completed with End Event "Step network completed"    [MsgId: MMSG-205180]
Notify: Transaction "ReturnHome" ended with a "Pass" status (Duration: 0.8910 Wasted Time: 0.6480).
Notify: Transaction "ShopLaptops" started.
t=00012347ms: Step 6: Click on Shop Now label started    [MsgId: MMSG-205180]
t=00013913ms: Step 6: Click on Shop Now label successfully completed with End Event "Step network completed"    [MsgId: MMSG-205180]
Notify: Transaction "ShopLaptops" ended with a "Pass" status (Duration: 1.5770 Wasted Time: 0.7560).
t=00014423ms: Step 7: Click on image (1) image started    [MsgId: MMSG-205180]
t=00015109ms: Step 7: Click on image (1) image successfully completed with End Event "Step network completed"    [MsgId: MMSG-205180]
Notify: Transaction "AddToCart" started.
t=00015619ms: Step 8: Click on ADD TO CART button started    [MsgId: MMSG-205180]
t=00016148ms: Step 8: Click on ADD TO CART button successfully completed with End Event "Step network completed"    [MsgId: MMSG-205180]
Notify: Transaction "AddToCart" ended with a "Pass" status (Duration: 0.5390 Wasted Time: 0.3520).
t=00016657ms: Step 10: Click on element (1)  started    [MsgId: MMSG-205180]
t=00017179ms: Step 10: Click on element (1)  successfully completed with End Event "Step network completed"    [MsgId: MMSG-205180]
Notify: Transaction "RemoveFromCart" started.
t=00017689ms: Step 12: Click on REMOVE  started    [MsgId: MMSG-205180]
t=00018198ms: Step 12: Click on REMOVE  successfully completed with End Event "Step network completed"    [MsgId: MMSG-205180]
Notify: Transaction "RemoveFromCart" ended with a "Pass" status (Duration: 0.5210 Wasted Time: 0.3350).
Notify: Transaction "ContinueShopping" started.
t=00018709ms: Step 13: Click on CONTINUE SHOPPING link started    [MsgId: MMSG-205180]
t=00019351ms: Step 13: Click on CONTINUE SHOPPING link successfully completed with End Event "Step network completed"    [MsgId: MMSG-205180]
Notify: Transaction "ContinueShopping" ended with a "Pass" status (Duration: 0.6540 Wasted Time: 0.4630).
t=00019862ms: Step 14: Click on DEMO link started    [MsgId: MMSG-205180]
t=00020645ms: Step 14: Click on DEMO link successfully completed with End Event "Step network completed"    [MsgId: MMSG-205180]
Ending iteration 1.
Ending Vuser...
Vuser Terminated.
